<html>
<head>
<title>TestNG:  Default test</title>
<link href="../testng.css" rel="stylesheet" type="text/css" />
<link href="../my-testng.css" rel="stylesheet" type="text/css" />

<style type="text/css">
.log { display: none;} 
.stack-trace { display: none;} 
</style>
<script type="text/javascript">
<!--
function flip(e) {
  current = e.style.display;
  if (current == 'block') {
    e.style.display = 'none';
    return 0;
  }
  else {
    e.style.display = 'block';
    return 1;
  }
}

function toggleBox(szDivId, elem, msg1, msg2)
{
  var res = -1;  if (document.getElementById) {
    res = flip(document.getElementById(szDivId));
  }
  else if (document.all) {
    // this is the way old msie versions work
    res = flip(document.all[szDivId]);
  }
  if(elem) {
    if(res == 0) elem.innerHTML = msg1; else elem.innerHTML = msg2;
  }

}

function toggleAllBoxes() {
  if (document.getElementsByTagName) {
    d = document.getElementsByTagName('div');
    for (i = 0; i < d.length; i++) {
      if (d[i].className == 'log') {
        flip(d[i]);
      }
    }
  }
}

// -->
</script>

</head>
<body>
<h2 align='center'>Default test</h2><table border='1' align="center">
<tr>
<td>Tests passed/Failed/Skipped:</td><td>25/3/0</td>
</tr><tr>
<td>Started on:</td><td>Thu Feb 29 01:28:47 IST 2024</td>
</tr>
<tr><td>Total time:</td><td>401 seconds (401426 ms)</td>
</tr><tr>
<td>Included groups:</td><td></td>
</tr><tr>
<td>Excluded groups:</td><td></td>
</tr>
</table><p/>
<small><i>(Hover the method name to see the test class name)</i></small><p/>
<table width='100%' border='1' class='invocation-failed'>
<tr><td colspan='4' align='center'><b>FAILED TESTS</b></td></tr>
<tr><td><b>Test method</b></td>
<td width="30%"><b>Exception</b></td>
<td width="10%"><b>Time (seconds)</b></td>
<td><b>Instance</b></td>
</tr>
<tr>
<td title='testrunners.TestRunner.runScenario()'><b>runScenario</b><br>Test class: testrunners.TestRunner<br>Test method: Runs Cucumber Scenarios<br>Parameters: "65. User should be able to create loan payment Record", "Companies Page Functionality"</td>
<td><div><pre>org.openqa.selenium.NoSuchElementException: no such element: Unable to locate element: {&quot;method&quot;:&quot;xpath&quot;,&quot;selector&quot;:&quot;//span[contains(text(),&apos;Ravi&apos;)]&quot;}
  (Session info: chrome=122.0.6261.95)
For documentation on this error, please visit: https://www.selenium.dev/documentation/webdriver/troubleshooting/errors#no-such-element-exception
Build info: version: &apos;4.17.0&apos;, revision: &apos;e52b1be057*&apos;
System info: os.name: &apos;Windows 10&apos;, os.arch: &apos;amd64&apos;, os.version: &apos;10.0&apos;, java.version: &apos;17.0.9&apos;
Driver info: org.openqa.selenium.chrome.ChromeDriver
Command: [9cdd65311ad8594fd11539760df7011f, findElement {using=xpath, value=//span[contains(text(),&apos;Ravi&apos;)]}]
Capabilities {acceptInsecureCerts: false, browserName: chrome, browserVersion: 122.0.6261.95, chrome: {chromedriverVersion: 122.0.6261.94 (880dbf29479c..., userDataDir: C:\Users\cis\AppData\Local\...}, fedcm:accounts: true, goog:chromeOptions: {debuggerAddress: localhost:51211}, networkConnectionEnabled: false, pageLoadStrategy: normal, platformName: windows, proxy: Proxy(), se:cdp: ws://localhost:51211/devtoo..., se:cdpVersion: 122.0.6261.95, setWindowRect: true, strictFileInteractability: false, timeouts: {implicit: 0, pageLoad: 300000, script: 30000}, unhandledPromptBehavior: dismiss and notify, webauthn:extension:credBlob: true, webauthn:extension:largeBlob: true, webauthn:extension:minPinLength: true, webauthn:extension:prf: true, webauthn:virtualAuthenticators: true}
Session ID: 9cdd65311ad8594fd11539760df7011f
	at java.base/jdk.internal.reflect.NativeConstructorAccessorImpl.newInstance0(Native Method)
	at java.base/jdk.internal.reflect.NativeConstructorAccessorImpl.newInstance(NativeConstructorAccessorImpl.java:77)
	at java.base/jdk.internal.reflect.DelegatingConstructorAccessorImpl.newInstance(DelegatingConstructorAccessorImpl.java:45)
	at java.base/java.lang.reflect.Constructor.newInstanceWithCaller(Constructor.java:499)
	at java.base/java.lang.reflect.Constructor.newInstance(Constructor.java:480)
	at org.openqa.selenium.remote.codec.w3c.W3CHttpResponseCodec.createException(W3CHttpResponseCodec.java:185)
	at org.openqa.selenium.remote.codec.w3c.W3CHttpResponseCodec.decode(W3CHttpResponseCodec.java:134)
	at org.openqa.selenium.remote.codec.w3c.W3CHttpResponseCodec.decode(W3CHttpResponseCodec.java:51)
	at org.openqa.selenium.remote.HttpCommandExecutor.execute(HttpCommandExecutor.java:190)
	at org.openqa.selenium.remote.service.DriverCommandExecutor.invokeExecute(DriverCommandExecutor.java:216)
	at org.openqa.selenium.remote.service.DriverCommandExecutor.execute(DriverCommandExecutor.java:174)
	at org.openqa.selenium.remote.RemoteWebDriver.execute(RemoteWebDriver.java:519)
	at org.openqa.selenium.remote.ElementLocation$ElementFinder$2.findElement(ElementLocation.java:165)
	at org.openqa.selenium.remote.ElementLocation.findElement(ElementLocation.java:59)
	at org.openqa.selenium.remote.RemoteWebDriver.findElement(RemoteWebDriver.java:356)
	at org.openqa.selenium.remote.RemoteWebDriver.findElement(RemoteWebDriver.java:350)
	at com.pages.CompaniesPage.getLoanPaymentRecordStatus(CompaniesPage.java:1053)
	at stepdefinitions.CompaniesSteps.user_should_be_able_to_see_the_loan_payment(CompaniesSteps.java:706)
	at ✽.user should be able to see the loan payment&quot;Ravi&quot;(file:///E:/Rahul%20Bhalla%20CIS/OntrackProjectBDD/OnTrack_BDD/src/test/resources/com/features/Companies.feature:379)
</pre></div><a href='#' onClick='toggleBox("stack-trace1100208717", this, "Click to show all stack frames", "Click to hide stack frames")'>Click to show all stack frames</a>
<div class='stack-trace' id='stack-trace1100208717'><pre>org.openqa.selenium.NoSuchElementException: no such element: Unable to locate element: {&quot;method&quot;:&quot;xpath&quot;,&quot;selector&quot;:&quot;//span[contains(text(),&apos;Ravi&apos;)]&quot;}
  (Session info: chrome=122.0.6261.95)
For documentation on this error, please visit: https://www.selenium.dev/documentation/webdriver/troubleshooting/errors#no-such-element-exception
Build info: version: &apos;4.17.0&apos;, revision: &apos;e52b1be057*&apos;
System info: os.name: &apos;Windows 10&apos;, os.arch: &apos;amd64&apos;, os.version: &apos;10.0&apos;, java.version: &apos;17.0.9&apos;
Driver info: org.openqa.selenium.chrome.ChromeDriver
Command: [9cdd65311ad8594fd11539760df7011f, findElement {using=xpath, value=//span[contains(text(),&apos;Ravi&apos;)]}]
Capabilities {acceptInsecureCerts: false, browserName: chrome, browserVersion: 122.0.6261.95, chrome: {chromedriverVersion: 122.0.6261.94 (880dbf29479c..., userDataDir: C:\Users\cis\AppData\Local\...}, fedcm:accounts: true, goog:chromeOptions: {debuggerAddress: localhost:51211}, networkConnectionEnabled: false, pageLoadStrategy: normal, platformName: windows, proxy: Proxy(), se:cdp: ws://localhost:51211/devtoo..., se:cdpVersion: 122.0.6261.95, setWindowRect: true, strictFileInteractability: false, timeouts: {implicit: 0, pageLoad: 300000, script: 30000}, unhandledPromptBehavior: dismiss and notify, webauthn:extension:credBlob: true, webauthn:extension:largeBlob: true, webauthn:extension:minPinLength: true, webauthn:extension:prf: true, webauthn:virtualAuthenticators: true}
Session ID: 9cdd65311ad8594fd11539760df7011f
	at java.base/jdk.internal.reflect.NativeConstructorAccessorImpl.newInstance0(Native Method)
	at java.base/jdk.internal.reflect.NativeConstructorAccessorImpl.newInstance(NativeConstructorAccessorImpl.java:77)
	at java.base/jdk.internal.reflect.DelegatingConstructorAccessorImpl.newInstance(DelegatingConstructorAccessorImpl.java:45)
	at java.base/java.lang.reflect.Constructor.newInstanceWithCaller(Constructor.java:499)
	at java.base/java.lang.reflect.Constructor.newInstance(Constructor.java:480)
	at org.openqa.selenium.remote.codec.w3c.W3CHttpResponseCodec.createException(W3CHttpResponseCodec.java:185)
	at org.openqa.selenium.remote.codec.w3c.W3CHttpResponseCodec.decode(W3CHttpResponseCodec.java:134)
	at org.openqa.selenium.remote.codec.w3c.W3CHttpResponseCodec.decode(W3CHttpResponseCodec.java:51)
	at org.openqa.selenium.remote.HttpCommandExecutor.execute(HttpCommandExecutor.java:190)
	at org.openqa.selenium.remote.service.DriverCommandExecutor.invokeExecute(DriverCommandExecutor.java:216)
	at org.openqa.selenium.remote.service.DriverCommandExecutor.execute(DriverCommandExecutor.java:174)
	at org.openqa.selenium.remote.RemoteWebDriver.execute(RemoteWebDriver.java:519)
	at org.openqa.selenium.remote.ElementLocation$ElementFinder$2.findElement(ElementLocation.java:165)
	at org.openqa.selenium.remote.ElementLocation.findElement(ElementLocation.java:59)
	at org.openqa.selenium.remote.RemoteWebDriver.findElement(RemoteWebDriver.java:356)
	at org.openqa.selenium.remote.RemoteWebDriver.findElement(RemoteWebDriver.java:350)
	at com.pages.CompaniesPage.getLoanPaymentRecordStatus(CompaniesPage.java:1053)
	at stepdefinitions.CompaniesSteps.user_should_be_able_to_see_the_loan_payment(CompaniesSteps.java:706)
	at ✽.user should be able to see the loan payment&quot;Ravi&quot;(file:///E:/Rahul%20Bhalla%20CIS/OntrackProjectBDD/OnTrack_BDD/src/test/resources/com/features/Companies.feature:379)
</pre></div></td>
<td>35</td>
<td>testrunners.TestRunner@41e68d87</td></tr>
<tr>
<td title='testrunners.TestRunner.runScenario()'><b>runScenario</b><br>Test class: testrunners.TestRunner<br>Test method: Runs Cucumber Scenarios<br>Parameters: "66. User should be able to edit loan payment Record", "Companies Page Functionality"</td>
<td><div><pre>org.openqa.selenium.NoSuchElementException: no such element: Unable to locate element: {&quot;method&quot;:&quot;xpath&quot;,&quot;selector&quot;:&quot;//*[@id=&quot;tab-1&quot;]/div/div[2]/div[4]/div[2]/table/tbody/tr/td[4]/a&quot;}
  (Session info: chrome=122.0.6261.95)
For documentation on this error, please visit: https://www.selenium.dev/documentation/webdriver/troubleshooting/errors#no-such-element-exception
Build info: version: &apos;4.17.0&apos;, revision: &apos;e52b1be057*&apos;
System info: os.name: &apos;Windows 10&apos;, os.arch: &apos;amd64&apos;, os.version: &apos;10.0&apos;, java.version: &apos;17.0.9&apos;
Driver info: org.openqa.selenium.chrome.ChromeDriver
Command: [1f5d0a3651dd48f0ce8b3fdaa6f3dd80, findElement {using=xpath, value=//*[@id=&quot;tab-1&quot;]/div/div[2]/div[4]/div[2]/table/tbody/tr/td[4]/a}]
Capabilities {acceptInsecureCerts: false, browserName: chrome, browserVersion: 122.0.6261.95, chrome: {chromedriverVersion: 122.0.6261.94 (880dbf29479c..., userDataDir: C:\Users\cis\AppData\Local\...}, fedcm:accounts: true, goog:chromeOptions: {debuggerAddress: localhost:51271}, networkConnectionEnabled: false, pageLoadStrategy: normal, platformName: windows, proxy: Proxy(), se:cdp: ws://localhost:51271/devtoo..., se:cdpVersion: 122.0.6261.95, setWindowRect: true, strictFileInteractability: false, timeouts: {implicit: 0, pageLoad: 300000, script: 30000}, unhandledPromptBehavior: dismiss and notify, webauthn:extension:credBlob: true, webauthn:extension:largeBlob: true, webauthn:extension:minPinLength: true, webauthn:extension:prf: true, webauthn:virtualAuthenticators: true}
Session ID: 1f5d0a3651dd48f0ce8b3fdaa6f3dd80
	at java.base/jdk.internal.reflect.NativeConstructorAccessorImpl.newInstance0(Native Method)
	at java.base/jdk.internal.reflect.NativeConstructorAccessorImpl.newInstance(NativeConstructorAccessorImpl.java:77)
	at java.base/jdk.internal.reflect.DelegatingConstructorAccessorImpl.newInstance(DelegatingConstructorAccessorImpl.java:45)
	at java.base/java.lang.reflect.Constructor.newInstanceWithCaller(Constructor.java:499)
	at java.base/java.lang.reflect.Constructor.newInstance(Constructor.java:480)
	at org.openqa.selenium.remote.codec.w3c.W3CHttpResponseCodec.createException(W3CHttpResponseCodec.java:185)
	at org.openqa.selenium.remote.codec.w3c.W3CHttpResponseCodec.decode(W3CHttpResponseCodec.java:134)
	at org.openqa.selenium.remote.codec.w3c.W3CHttpResponseCodec.decode(W3CHttpResponseCodec.java:51)
	at org.openqa.selenium.remote.HttpCommandExecutor.execute(HttpCommandExecutor.java:190)
	at org.openqa.selenium.remote.service.DriverCommandExecutor.invokeExecute(DriverCommandExecutor.java:216)
	at org.openqa.selenium.remote.service.DriverCommandExecutor.execute(DriverCommandExecutor.java:174)
	at org.openqa.selenium.remote.RemoteWebDriver.execute(RemoteWebDriver.java:519)
	at org.openqa.selenium.remote.ElementLocation$ElementFinder$2.findElement(ElementLocation.java:165)
	at org.openqa.selenium.remote.ElementLocation.findElement(ElementLocation.java:59)
	at org.openqa.selenium.remote.RemoteWebDriver.findElement(RemoteWebDriver.java:356)
	at org.openqa.selenium.remote.RemoteWebDriver.findElement(RemoteWebDriver.java:350)
	at com.pages.CompaniesPage.clickEditButtonLoanPayment(CompaniesPage.java:1057)
	at stepdefinitions.CompaniesSteps.user_should_be_clicked_on_edit_button_of_new_loan_payment(CompaniesSteps.java:712)
	at ✽.user should be clicked on edit button of New Loan Payment(file:///E:/Rahul%20Bhalla%20CIS/OntrackProjectBDD/OnTrack_BDD/src/test/resources/com/features/Companies.feature:384)
</pre></div><a href='#' onClick='toggleBox("stack-trace104678309", this, "Click to show all stack frames", "Click to hide stack frames")'>Click to show all stack frames</a>
<div class='stack-trace' id='stack-trace104678309'><pre>org.openqa.selenium.NoSuchElementException: no such element: Unable to locate element: {&quot;method&quot;:&quot;xpath&quot;,&quot;selector&quot;:&quot;//*[@id=&quot;tab-1&quot;]/div/div[2]/div[4]/div[2]/table/tbody/tr/td[4]/a&quot;}
  (Session info: chrome=122.0.6261.95)
For documentation on this error, please visit: https://www.selenium.dev/documentation/webdriver/troubleshooting/errors#no-such-element-exception
Build info: version: &apos;4.17.0&apos;, revision: &apos;e52b1be057*&apos;
System info: os.name: &apos;Windows 10&apos;, os.arch: &apos;amd64&apos;, os.version: &apos;10.0&apos;, java.version: &apos;17.0.9&apos;
Driver info: org.openqa.selenium.chrome.ChromeDriver
Command: [1f5d0a3651dd48f0ce8b3fdaa6f3dd80, findElement {using=xpath, value=//*[@id=&quot;tab-1&quot;]/div/div[2]/div[4]/div[2]/table/tbody/tr/td[4]/a}]
Capabilities {acceptInsecureCerts: false, browserName: chrome, browserVersion: 122.0.6261.95, chrome: {chromedriverVersion: 122.0.6261.94 (880dbf29479c..., userDataDir: C:\Users\cis\AppData\Local\...}, fedcm:accounts: true, goog:chromeOptions: {debuggerAddress: localhost:51271}, networkConnectionEnabled: false, pageLoadStrategy: normal, platformName: windows, proxy: Proxy(), se:cdp: ws://localhost:51271/devtoo..., se:cdpVersion: 122.0.6261.95, setWindowRect: true, strictFileInteractability: false, timeouts: {implicit: 0, pageLoad: 300000, script: 30000}, unhandledPromptBehavior: dismiss and notify, webauthn:extension:credBlob: true, webauthn:extension:largeBlob: true, webauthn:extension:minPinLength: true, webauthn:extension:prf: true, webauthn:virtualAuthenticators: true}
Session ID: 1f5d0a3651dd48f0ce8b3fdaa6f3dd80
	at java.base/jdk.internal.reflect.NativeConstructorAccessorImpl.newInstance0(Native Method)
	at java.base/jdk.internal.reflect.NativeConstructorAccessorImpl.newInstance(NativeConstructorAccessorImpl.java:77)
	at java.base/jdk.internal.reflect.DelegatingConstructorAccessorImpl.newInstance(DelegatingConstructorAccessorImpl.java:45)
	at java.base/java.lang.reflect.Constructor.newInstanceWithCaller(Constructor.java:499)
	at java.base/java.lang.reflect.Constructor.newInstance(Constructor.java:480)
	at org.openqa.selenium.remote.codec.w3c.W3CHttpResponseCodec.createException(W3CHttpResponseCodec.java:185)
	at org.openqa.selenium.remote.codec.w3c.W3CHttpResponseCodec.decode(W3CHttpResponseCodec.java:134)
	at org.openqa.selenium.remote.codec.w3c.W3CHttpResponseCodec.decode(W3CHttpResponseCodec.java:51)
	at org.openqa.selenium.remote.HttpCommandExecutor.execute(HttpCommandExecutor.java:190)
	at org.openqa.selenium.remote.service.DriverCommandExecutor.invokeExecute(DriverCommandExecutor.java:216)
	at org.openqa.selenium.remote.service.DriverCommandExecutor.execute(DriverCommandExecutor.java:174)
	at org.openqa.selenium.remote.RemoteWebDriver.execute(RemoteWebDriver.java:519)
	at org.openqa.selenium.remote.ElementLocation$ElementFinder$2.findElement(ElementLocation.java:165)
	at org.openqa.selenium.remote.ElementLocation.findElement(ElementLocation.java:59)
	at org.openqa.selenium.remote.RemoteWebDriver.findElement(RemoteWebDriver.java:356)
	at org.openqa.selenium.remote.RemoteWebDriver.findElement(RemoteWebDriver.java:350)
	at com.pages.CompaniesPage.clickEditButtonLoanPayment(CompaniesPage.java:1057)
	at stepdefinitions.CompaniesSteps.user_should_be_clicked_on_edit_button_of_new_loan_payment(CompaniesSteps.java:712)
	at ✽.user should be clicked on edit button of New Loan Payment(file:///E:/Rahul%20Bhalla%20CIS/OntrackProjectBDD/OnTrack_BDD/src/test/resources/com/features/Companies.feature:384)
</pre></div></td>
<td>29</td>
<td>testrunners.TestRunner@41e68d87</td></tr>
<tr>
<td title='testrunners.TestRunner.runScenario()'><b>runScenario</b><br>Test class: testrunners.TestRunner<br>Test method: Runs Cucumber Scenarios<br>Parameters: "67. user should be able to delete Loan Payment record", "Companies Page Functionality"</td>
<td><div><pre>org.openqa.selenium.NoSuchElementException: Unable to find element with locator By.xpath: //*[@id=&quot;tab-1&quot;]/div/div[2]/div[4]/div[2]/table/tbody/tr/td[5]/a
For documentation on this error, please visit: https://www.selenium.dev/documentation/webdriver/troubleshooting/errors#no-such-element-exception
Build info: version: &apos;4.17.0&apos;, revision: &apos;e52b1be057*&apos;
System info: os.name: &apos;Windows 10&apos;, os.arch: &apos;amd64&apos;, os.version: &apos;10.0&apos;, java.version: &apos;17.0.9&apos;
Driver info: driver.version: RemoteWebDriver
	at org.openqa.selenium.remote.ElementLocation$ElementFinder$2.findElement(ElementLocation.java:168)
	at org.openqa.selenium.remote.ElementLocation.findElement(ElementLocation.java:59)
	at org.openqa.selenium.remote.RemoteWebDriver.findElement(RemoteWebDriver.java:356)
	at org.openqa.selenium.remote.RemoteWebDriver.findElement(RemoteWebDriver.java:350)
	at com.pages.CompaniesPage.deleteLoanPaymentRecord(CompaniesPage.java:1093)
	at stepdefinitions.CompaniesSteps.user_should_be_able_to_delete_loan_payment_record(CompaniesSteps.java:734)
	at ✽.user should be able to delete Loan payment record(file:///E:/Rahul%20Bhalla%20CIS/OntrackProjectBDD/OnTrack_BDD/src/test/resources/com/features/Companies.feature:392)
</pre></div><a href='#' onClick='toggleBox("stack-trace516523336", this, "Click to show all stack frames", "Click to hide stack frames")'>Click to show all stack frames</a>
<div class='stack-trace' id='stack-trace516523336'><pre>org.openqa.selenium.NoSuchElementException: Unable to find element with locator By.xpath: //*[@id=&quot;tab-1&quot;]/div/div[2]/div[4]/div[2]/table/tbody/tr/td[5]/a
For documentation on this error, please visit: https://www.selenium.dev/documentation/webdriver/troubleshooting/errors#no-such-element-exception
Build info: version: &apos;4.17.0&apos;, revision: &apos;e52b1be057*&apos;
System info: os.name: &apos;Windows 10&apos;, os.arch: &apos;amd64&apos;, os.version: &apos;10.0&apos;, java.version: &apos;17.0.9&apos;
Driver info: driver.version: RemoteWebDriver
	at org.openqa.selenium.remote.ElementLocation$ElementFinder$2.findElement(ElementLocation.java:168)
	at org.openqa.selenium.remote.ElementLocation.findElement(ElementLocation.java:59)
	at org.openqa.selenium.remote.RemoteWebDriver.findElement(RemoteWebDriver.java:356)
	at org.openqa.selenium.remote.RemoteWebDriver.findElement(RemoteWebDriver.java:350)
	at com.pages.CompaniesPage.deleteLoanPaymentRecord(CompaniesPage.java:1093)
	at stepdefinitions.CompaniesSteps.user_should_be_able_to_delete_loan_payment_record(CompaniesSteps.java:734)
	at ✽.user should be able to delete Loan payment record(file:///E:/Rahul%20Bhalla%20CIS/OntrackProjectBDD/OnTrack_BDD/src/test/resources/com/features/Companies.feature:392)
</pre></div></td>
<td>14</td>
<td>testrunners.TestRunner@41e68d87</td></tr>
</table><p>
<table width='100%' border='1' class='invocation-passed'>
<tr><td colspan='4' align='center'><b>PASSED TESTS</b></td></tr>
<tr><td><b>Test method</b></td>
<td width="30%"><b>Exception</b></td>
<td width="10%"><b>Time (seconds)</b></td>
<td><b>Instance</b></td>
</tr>
<tr>
<td title='testrunners.TestRunner.runScenario()'><b>runScenario</b><br>Test class: testrunners.TestRunner<br>Test method: Runs Cucumber Scenarios<br>Parameters: "40. user should be on Statistics tab in the company", "Companies Page Functionality"</td>
<td></td>
<td>10</td>
<td>testrunners.TestRunner@41e68d87</td></tr>
<tr>
<td title='testrunners.TestRunner.runScenario()'><b>runScenario</b><br>Test class: testrunners.TestRunner<br>Test method: Runs Cucumber Scenarios<br>Parameters: "41. Royalty & Fidesic widget should be displayed", "Companies Page Functionality"</td>
<td></td>
<td>9</td>
<td>testrunners.TestRunner@41e68d87</td></tr>
<tr>
<td title='testrunners.TestRunner.runScenario()'><b>runScenario</b><br>Test class: testrunners.TestRunner<br>Test method: Runs Cucumber Scenarios<br>Parameters: "42. Add button should be displayed", "Companies Page Functionality"</td>
<td></td>
<td>9</td>
<td>testrunners.TestRunner@41e68d87</td></tr>
<tr>
<td title='testrunners.TestRunner.runScenario()'><b>runScenario</b><br>Test class: testrunners.TestRunner<br>Test method: Runs Cucumber Scenarios<br>Parameters: "43. Create Royalty & Fidesic record title should be displayed on PopUp", "Companies Page Functionality"</td>
<td></td>
<td>15</td>
<td>testrunners.TestRunner@41e68d87</td></tr>
<tr>
<td title='testrunners.TestRunner.runScenario()'><b>runScenario</b><br>Test class: testrunners.TestRunner<br>Test method: Runs Cucumber Scenarios<br>Parameters: "44. add button should be displayed on Royalty & Fidesic PopUp", "Companies Page Functionality"</td>
<td></td>
<td>12</td>
<td>testrunners.TestRunner@41e68d87</td></tr>
<tr>
<td title='testrunners.TestRunner.runScenario()'><b>runScenario</b><br>Test class: testrunners.TestRunner<br>Test method: Runs Cucumber Scenarios<br>Parameters: "45. close button should be displayed on Royalty & Fidesic PopUp", "Companies Page Functionality"</td>
<td></td>
<td>13</td>
<td>testrunners.TestRunner@41e68d87</td></tr>
<tr>
<td title='testrunners.TestRunner.runScenario()'><b>runScenario</b><br>Test class: testrunners.TestRunner<br>Test method: Runs Cucumber Scenarios<br>Parameters: "46. Licence number error message should be displayed on Royalty & Fidesic PopUp", "Companies Page Functionality"</td>
<td></td>
<td>12</td>
<td>testrunners.TestRunner@41e68d87</td></tr>
<tr>
<td title='testrunners.TestRunner.runScenario()'><b>runScenario</b><br>Test class: testrunners.TestRunner<br>Test method: Runs Cucumber Scenarios<br>Parameters: "47. user should be able to Create Royalty & Fidesic record", "Companies Page Functionality"</td>
<td></td>
<td>19</td>
<td>testrunners.TestRunner@41e68d87</td></tr>
<tr>
<td title='testrunners.TestRunner.runScenario()'><b>runScenario</b><br>Test class: testrunners.TestRunner<br>Test method: Runs Cucumber Scenarios<br>Parameters: "48. user should be able to update Royalty & Fidesic record", "Companies Page Functionality"</td>
<td></td>
<td>14</td>
<td>testrunners.TestRunner@41e68d87</td></tr>
<tr>
<td title='testrunners.TestRunner.runScenario()'><b>runScenario</b><br>Test class: testrunners.TestRunner<br>Test method: Runs Cucumber Scenarios<br>Parameters: "49. user should be able to delete Royalty & Fidesic record", "Companies Page Functionality"</td>
<td></td>
<td>10</td>
<td>testrunners.TestRunner@41e68d87</td></tr>
<tr>
<td title='testrunners.TestRunner.runScenario()'><b>runScenario</b><br>Test class: testrunners.TestRunner<br>Test method: Runs Cucumber Scenarios<br>Parameters: "50. user should be able to close Check Off List PopUp", "Companies Page Functionality"</td>
<td></td>
<td>13</td>
<td>testrunners.TestRunner@41e68d87</td></tr>
<tr>
<td title='testrunners.TestRunner.runScenario()'><b>runScenario</b><br>Test class: testrunners.TestRunner<br>Test method: Runs Cucumber Scenarios<br>Parameters: "51. User should see an validation message for Name", "Companies Page Functionality"</td>
<td></td>
<td>11</td>
<td>testrunners.TestRunner@41e68d87</td></tr>
<tr>
<td title='testrunners.TestRunner.runScenario()'><b>runScenario</b><br>Test class: testrunners.TestRunner<br>Test method: Runs Cucumber Scenarios<br>Parameters: "52. User should see an validation message for Date", "Companies Page Functionality"</td>
<td></td>
<td>11</td>
<td>testrunners.TestRunner@41e68d87</td></tr>
<tr>
<td title='testrunners.TestRunner.runScenario()'><b>runScenario</b><br>Test class: testrunners.TestRunner<br>Test method: Runs Cucumber Scenarios<br>Parameters: "53. User should be able to create Check Off List Record", "Companies Page Functionality"</td>
<td></td>
<td>18</td>
<td>testrunners.TestRunner@41e68d87</td></tr>
<tr>
<td title='testrunners.TestRunner.runScenario()'><b>runScenario</b><br>Test class: testrunners.TestRunner<br>Test method: Runs Cucumber Scenarios<br>Parameters: "54. user should be able to update Check Off List record", "Companies Page Functionality"</td>
<td></td>
<td>17</td>
<td>testrunners.TestRunner@41e68d87</td></tr>
<tr>
<td title='testrunners.TestRunner.runScenario()'><b>runScenario</b><br>Test class: testrunners.TestRunner<br>Test method: Runs Cucumber Scenarios<br>Parameters: "55. user should be able to delete check off list record", "Companies Page Functionality"</td>
<td></td>
<td>11</td>
<td>testrunners.TestRunner@41e68d87</td></tr>
<tr>
<td title='testrunners.TestRunner.runScenario()'><b>runScenario</b><br>Test class: testrunners.TestRunner<br>Test method: Runs Cucumber Scenarios<br>Parameters: "56. user should be able to close Reconciled Date PopUp", "Companies Page Functionality"</td>
<td></td>
<td>10</td>
<td>testrunners.TestRunner@41e68d87</td></tr>
<tr>
<td title='testrunners.TestRunner.runScenario()'><b>runScenario</b><br>Test class: testrunners.TestRunner<br>Test method: Runs Cucumber Scenarios<br>Parameters: "57. User should see an validation message for Account Name", "Companies Page Functionality"</td>
<td></td>
<td>9</td>
<td>testrunners.TestRunner@41e68d87</td></tr>
<tr>
<td title='testrunners.TestRunner.runScenario()'><b>runScenario</b><br>Test class: testrunners.TestRunner<br>Test method: Runs Cucumber Scenarios<br>Parameters: "58. User should be able to create Reconciled Dates record", "Companies Page Functionality"</td>
<td></td>
<td>14</td>
<td>testrunners.TestRunner@41e68d87</td></tr>
<tr>
<td title='testrunners.TestRunner.runScenario()'><b>runScenario</b><br>Test class: testrunners.TestRunner<br>Test method: Runs Cucumber Scenarios<br>Parameters: "59. User should be able to Edit Reconciled Dates record", "Companies Page Functionality"</td>
<td></td>
<td>16</td>
<td>testrunners.TestRunner@41e68d87</td></tr>
<tr>
<td title='testrunners.TestRunner.runScenario()'><b>runScenario</b><br>Test class: testrunners.TestRunner<br>Test method: Runs Cucumber Scenarios<br>Parameters: "60. user should be able to delete Reconciled Date record", "Companies Page Functionality"</td>
<td></td>
<td>11</td>
<td>testrunners.TestRunner@41e68d87</td></tr>
<tr>
<td title='testrunners.TestRunner.runScenario()'><b>runScenario</b><br>Test class: testrunners.TestRunner<br>Test method: Runs Cucumber Scenarios<br>Parameters: "61.  user should be able to close New Loan Payment PopUp", "Companies Page Functionality"</td>
<td></td>
<td>10</td>
<td>testrunners.TestRunner@41e68d87</td></tr>
<tr>
<td title='testrunners.TestRunner.runScenario()'><b>runScenario</b><br>Test class: testrunners.TestRunner<br>Test method: Runs Cucumber Scenarios<br>Parameters: "62. User should see an validation message for Loan Name", "Companies Page Functionality"</td>
<td></td>
<td>9</td>
<td>testrunners.TestRunner@41e68d87</td></tr>
<tr>
<td title='testrunners.TestRunner.runScenario()'><b>runScenario</b><br>Test class: testrunners.TestRunner<br>Test method: Runs Cucumber Scenarios<br>Parameters: "63. User should see an validation message for Payment Date", "Companies Page Functionality"</td>
<td></td>
<td>9</td>
<td>testrunners.TestRunner@41e68d87</td></tr>
<tr>
<td title='testrunners.TestRunner.runScenario()'><b>runScenario</b><br>Test class: testrunners.TestRunner<br>Test method: Runs Cucumber Scenarios<br>Parameters: "64. User should see an validation message for Amount", "Companies Page Functionality"</td>
<td></td>
<td>9</td>
<td>testrunners.TestRunner@41e68d87</td></tr>
</table><p>
</body>
</html>