<?xml version="1.0" encoding="UTF-8"?>
<testng-results ignored="0" total="28" passed="25" failed="3" skipped="0">
  <reporter-output>
  </reporter-output>
  <suite started-at="2024-02-28T19:58:47Z" name="Default suite" finished-at="2024-02-28T20:05:29Z" duration-ms="401426">
    <groups>
      <group name="cucumber">
        <method signature="AbstractTestNGCucumberTests.runScenario(io.cucumber.testng.PickleWrapper, io.cucumber.testng.FeatureWrapper)[pri:0, instance:testrunners.TestRunner@41e68d87]" name="runScenario" class="io.cucumber.testng.AbstractTestNGCucumberTests"/>
      </group> <!-- cucumber -->
    </groups>
    <test started-at="2024-02-28T19:58:47Z" name="Default test" finished-at="2024-02-28T20:05:29Z" duration-ms="401426">
      <class name="testrunners.TestRunner">
        <test-method is-config="true" signature="setUpClass(org.testng.ITestContext)[pri:0, instance:testrunners.TestRunner@41e68d87]" started-at="2024-02-28T19:58:47Z" name="setUpClass" finished-at="2024-02-28T19:58:49Z" duration-ms="1143" status="PASS">
          <params>
            <param index="0">
              <value>
                <![CDATA[org.testng.TestRunner@4015c65b]]>
              </value>
            </param>
          </params>
          <reporter-output>
          </reporter-output>
        </test-method> <!-- setUpClass -->
        <test-method signature="runScenario(io.cucumber.testng.PickleWrapper, io.cucumber.testng.FeatureWrapper)[pri:0, instance:testrunners.TestRunner@41e68d87]" started-at="2024-02-28T19:58:49Z" name="runScenario" description="Runs Cucumber Scenarios" data-provider="scenarios" finished-at="2024-02-28T19:59:00Z" duration-ms="10969" status="PASS">
          <params>
            <param index="0">
              <value>
                <![CDATA["40. user should be on Statistics tab in the company"]]>
              </value>
            </param>
            <param index="1">
              <value>
                <![CDATA["Companies Page Functionality"]]>
              </value>
            </param>
          </params>
          <reporter-output>
          </reporter-output>
        </test-method> <!-- runScenario -->
        <test-method signature="runScenario(io.cucumber.testng.PickleWrapper, io.cucumber.testng.FeatureWrapper)[pri:0, instance:testrunners.TestRunner@41e68d87]" started-at="2024-02-28T19:59:00Z" name="runScenario" description="Runs Cucumber Scenarios" data-provider="scenarios" finished-at="2024-02-28T19:59:09Z" duration-ms="9537" status="PASS">
          <params>
            <param index="0">
              <value>
                <![CDATA["41. Royalty & Fidesic widget should be displayed"]]>
              </value>
            </param>
            <param index="1">
              <value>
                <![CDATA["Companies Page Functionality"]]>
              </value>
            </param>
          </params>
          <reporter-output>
          </reporter-output>
        </test-method> <!-- runScenario -->
        <test-method signature="runScenario(io.cucumber.testng.PickleWrapper, io.cucumber.testng.FeatureWrapper)[pri:0, instance:testrunners.TestRunner@41e68d87]" started-at="2024-02-28T19:59:09Z" name="runScenario" description="Runs Cucumber Scenarios" data-provider="scenarios" finished-at="2024-02-28T19:59:18Z" duration-ms="9298" status="PASS">
          <params>
            <param index="0">
              <value>
                <![CDATA["42. Add button should be displayed"]]>
              </value>
            </param>
            <param index="1">
              <value>
                <![CDATA["Companies Page Functionality"]]>
              </value>
            </param>
          </params>
          <reporter-output>
          </reporter-output>
        </test-method> <!-- runScenario -->
        <test-method signature="runScenario(io.cucumber.testng.PickleWrapper, io.cucumber.testng.FeatureWrapper)[pri:0, instance:testrunners.TestRunner@41e68d87]" started-at="2024-02-28T19:59:18Z" name="runScenario" description="Runs Cucumber Scenarios" data-provider="scenarios" finished-at="2024-02-28T19:59:34Z" duration-ms="15088" status="PASS">
          <params>
            <param index="0">
              <value>
                <![CDATA["43. Create Royalty & Fidesic record title should be displayed on PopUp"]]>
              </value>
            </param>
            <param index="1">
              <value>
                <![CDATA["Companies Page Functionality"]]>
              </value>
            </param>
          </params>
          <reporter-output>
          </reporter-output>
        </test-method> <!-- runScenario -->
        <test-method signature="runScenario(io.cucumber.testng.PickleWrapper, io.cucumber.testng.FeatureWrapper)[pri:0, instance:testrunners.TestRunner@41e68d87]" started-at="2024-02-28T19:59:34Z" name="runScenario" description="Runs Cucumber Scenarios" data-provider="scenarios" finished-at="2024-02-28T19:59:46Z" duration-ms="12680" status="PASS">
          <params>
            <param index="0">
              <value>
                <![CDATA["44. add button should be displayed on Royalty & Fidesic PopUp"]]>
              </value>
            </param>
            <param index="1">
              <value>
                <![CDATA["Companies Page Functionality"]]>
              </value>
            </param>
          </params>
          <reporter-output>
          </reporter-output>
        </test-method> <!-- runScenario -->
        <test-method signature="runScenario(io.cucumber.testng.PickleWrapper, io.cucumber.testng.FeatureWrapper)[pri:0, instance:testrunners.TestRunner@41e68d87]" started-at="2024-02-28T19:59:46Z" name="runScenario" description="Runs Cucumber Scenarios" data-provider="scenarios" finished-at="2024-02-28T20:00:00Z" duration-ms="13360" status="PASS">
          <params>
            <param index="0">
              <value>
                <![CDATA["45. close button should be displayed on Royalty & Fidesic PopUp"]]>
              </value>
            </param>
            <param index="1">
              <value>
                <![CDATA["Companies Page Functionality"]]>
              </value>
            </param>
          </params>
          <reporter-output>
          </reporter-output>
        </test-method> <!-- runScenario -->
        <test-method signature="runScenario(io.cucumber.testng.PickleWrapper, io.cucumber.testng.FeatureWrapper)[pri:0, instance:testrunners.TestRunner@41e68d87]" started-at="2024-02-28T20:00:00Z" name="runScenario" description="Runs Cucumber Scenarios" data-provider="scenarios" finished-at="2024-02-28T20:00:12Z" duration-ms="12260" status="PASS">
          <params>
            <param index="0">
              <value>
                <![CDATA["46. Licence number error message should be displayed on Royalty & Fidesic PopUp"]]>
              </value>
            </param>
            <param index="1">
              <value>
                <![CDATA["Companies Page Functionality"]]>
              </value>
            </param>
          </params>
          <reporter-output>
          </reporter-output>
        </test-method> <!-- runScenario -->
        <test-method signature="runScenario(io.cucumber.testng.PickleWrapper, io.cucumber.testng.FeatureWrapper)[pri:0, instance:testrunners.TestRunner@41e68d87]" started-at="2024-02-28T20:00:12Z" name="runScenario" description="Runs Cucumber Scenarios" data-provider="scenarios" finished-at="2024-02-28T20:00:31Z" duration-ms="19577" status="PASS">
          <params>
            <param index="0">
              <value>
                <![CDATA["47. user should be able to Create Royalty & Fidesic record"]]>
              </value>
            </param>
            <param index="1">
              <value>
                <![CDATA["Companies Page Functionality"]]>
              </value>
            </param>
          </params>
          <reporter-output>
          </reporter-output>
        </test-method> <!-- runScenario -->
        <test-method signature="runScenario(io.cucumber.testng.PickleWrapper, io.cucumber.testng.FeatureWrapper)[pri:0, instance:testrunners.TestRunner@41e68d87]" started-at="2024-02-28T20:00:31Z" name="runScenario" description="Runs Cucumber Scenarios" data-provider="scenarios" finished-at="2024-02-28T20:00:46Z" duration-ms="14422" status="PASS">
          <params>
            <param index="0">
              <value>
                <![CDATA["48. user should be able to update Royalty & Fidesic record"]]>
              </value>
            </param>
            <param index="1">
              <value>
                <![CDATA["Companies Page Functionality"]]>
              </value>
            </param>
          </params>
          <reporter-output>
          </reporter-output>
        </test-method> <!-- runScenario -->
        <test-method signature="runScenario(io.cucumber.testng.PickleWrapper, io.cucumber.testng.FeatureWrapper)[pri:0, instance:testrunners.TestRunner@41e68d87]" started-at="2024-02-28T20:00:46Z" name="runScenario" description="Runs Cucumber Scenarios" data-provider="scenarios" finished-at="2024-02-28T20:00:56Z" duration-ms="10351" status="PASS">
          <params>
            <param index="0">
              <value>
                <![CDATA["49. user should be able to delete Royalty & Fidesic record"]]>
              </value>
            </param>
            <param index="1">
              <value>
                <![CDATA["Companies Page Functionality"]]>
              </value>
            </param>
          </params>
          <reporter-output>
          </reporter-output>
        </test-method> <!-- runScenario -->
        <test-method signature="runScenario(io.cucumber.testng.PickleWrapper, io.cucumber.testng.FeatureWrapper)[pri:0, instance:testrunners.TestRunner@41e68d87]" started-at="2024-02-28T20:00:56Z" name="runScenario" description="Runs Cucumber Scenarios" data-provider="scenarios" finished-at="2024-02-28T20:01:10Z" duration-ms="13887" status="PASS">
          <params>
            <param index="0">
              <value>
                <![CDATA["50. user should be able to close Check Off List PopUp"]]>
              </value>
            </param>
            <param index="1">
              <value>
                <![CDATA["Companies Page Functionality"]]>
              </value>
            </param>
          </params>
          <reporter-output>
          </reporter-output>
        </test-method> <!-- runScenario -->
        <test-method signature="runScenario(io.cucumber.testng.PickleWrapper, io.cucumber.testng.FeatureWrapper)[pri:0, instance:testrunners.TestRunner@41e68d87]" started-at="2024-02-28T20:01:10Z" name="runScenario" description="Runs Cucumber Scenarios" data-provider="scenarios" finished-at="2024-02-28T20:01:21Z" duration-ms="11334" status="PASS">
          <params>
            <param index="0">
              <value>
                <![CDATA["51. User should see an validation message for Name"]]>
              </value>
            </param>
            <param index="1">
              <value>
                <![CDATA["Companies Page Functionality"]]>
              </value>
            </param>
          </params>
          <reporter-output>
          </reporter-output>
        </test-method> <!-- runScenario -->
        <test-method signature="runScenario(io.cucumber.testng.PickleWrapper, io.cucumber.testng.FeatureWrapper)[pri:0, instance:testrunners.TestRunner@41e68d87]" started-at="2024-02-28T20:01:21Z" name="runScenario" description="Runs Cucumber Scenarios" data-provider="scenarios" finished-at="2024-02-28T20:01:33Z" duration-ms="11484" status="PASS">
          <params>
            <param index="0">
              <value>
                <![CDATA["52. User should see an validation message for Date"]]>
              </value>
            </param>
            <param index="1">
              <value>
                <![CDATA["Companies Page Functionality"]]>
              </value>
            </param>
          </params>
          <reporter-output>
          </reporter-output>
        </test-method> <!-- runScenario -->
        <test-method signature="runScenario(io.cucumber.testng.PickleWrapper, io.cucumber.testng.FeatureWrapper)[pri:0, instance:testrunners.TestRunner@41e68d87]" started-at="2024-02-28T20:01:33Z" name="runScenario" description="Runs Cucumber Scenarios" data-provider="scenarios" finished-at="2024-02-28T20:01:51Z" duration-ms="18203" status="PASS">
          <params>
            <param index="0">
              <value>
                <![CDATA["53. User should be able to create Check Off List Record"]]>
              </value>
            </param>
            <param index="1">
              <value>
                <![CDATA["Companies Page Functionality"]]>
              </value>
            </param>
          </params>
          <reporter-output>
          </reporter-output>
        </test-method> <!-- runScenario -->
        <test-method signature="runScenario(io.cucumber.testng.PickleWrapper, io.cucumber.testng.FeatureWrapper)[pri:0, instance:testrunners.TestRunner@41e68d87]" started-at="2024-02-28T20:01:51Z" name="runScenario" description="Runs Cucumber Scenarios" data-provider="scenarios" finished-at="2024-02-28T20:02:08Z" duration-ms="17248" status="PASS">
          <params>
            <param index="0">
              <value>
                <![CDATA["54. user should be able to update Check Off List record"]]>
              </value>
            </param>
            <param index="1">
              <value>
                <![CDATA["Companies Page Functionality"]]>
              </value>
            </param>
          </params>
          <reporter-output>
          </reporter-output>
        </test-method> <!-- runScenario -->
        <test-method signature="runScenario(io.cucumber.testng.PickleWrapper, io.cucumber.testng.FeatureWrapper)[pri:0, instance:testrunners.TestRunner@41e68d87]" started-at="2024-02-28T20:02:08Z" name="runScenario" description="Runs Cucumber Scenarios" data-provider="scenarios" finished-at="2024-02-28T20:02:20Z" duration-ms="11396" status="PASS">
          <params>
            <param index="0">
              <value>
                <![CDATA["55. user should be able to delete check off list record"]]>
              </value>
            </param>
            <param index="1">
              <value>
                <![CDATA["Companies Page Functionality"]]>
              </value>
            </param>
          </params>
          <reporter-output>
          </reporter-output>
        </test-method> <!-- runScenario -->
        <test-method signature="runScenario(io.cucumber.testng.PickleWrapper, io.cucumber.testng.FeatureWrapper)[pri:0, instance:testrunners.TestRunner@41e68d87]" started-at="2024-02-28T20:02:20Z" name="runScenario" description="Runs Cucumber Scenarios" data-provider="scenarios" finished-at="2024-02-28T20:02:30Z" duration-ms="10427" status="PASS">
          <params>
            <param index="0">
              <value>
                <![CDATA["56. user should be able to close Reconciled Date PopUp"]]>
              </value>
            </param>
            <param index="1">
              <value>
                <![CDATA["Companies Page Functionality"]]>
              </value>
            </param>
          </params>
          <reporter-output>
          </reporter-output>
        </test-method> <!-- runScenario -->
        <test-method signature="runScenario(io.cucumber.testng.PickleWrapper, io.cucumber.testng.FeatureWrapper)[pri:0, instance:testrunners.TestRunner@41e68d87]" started-at="2024-02-28T20:02:30Z" name="runScenario" description="Runs Cucumber Scenarios" data-provider="scenarios" finished-at="2024-02-28T20:02:40Z" duration-ms="9497" status="PASS">
          <params>
            <param index="0">
              <value>
                <![CDATA["57. User should see an validation message for Account Name"]]>
              </value>
            </param>
            <param index="1">
              <value>
                <![CDATA["Companies Page Functionality"]]>
              </value>
            </param>
          </params>
          <reporter-output>
          </reporter-output>
        </test-method> <!-- runScenario -->
        <test-method signature="runScenario(io.cucumber.testng.PickleWrapper, io.cucumber.testng.FeatureWrapper)[pri:0, instance:testrunners.TestRunner@41e68d87]" started-at="2024-02-28T20:02:40Z" name="runScenario" description="Runs Cucumber Scenarios" data-provider="scenarios" finished-at="2024-02-28T20:02:54Z" duration-ms="14701" status="PASS">
          <params>
            <param index="0">
              <value>
                <![CDATA["58. User should be able to create Reconciled Dates record"]]>
              </value>
            </param>
            <param index="1">
              <value>
                <![CDATA["Companies Page Functionality"]]>
              </value>
            </param>
          </params>
          <reporter-output>
          </reporter-output>
        </test-method> <!-- runScenario -->
        <test-method signature="runScenario(io.cucumber.testng.PickleWrapper, io.cucumber.testng.FeatureWrapper)[pri:0, instance:testrunners.TestRunner@41e68d87]" started-at="2024-02-28T20:02:54Z" name="runScenario" description="Runs Cucumber Scenarios" data-provider="scenarios" finished-at="2024-02-28T20:03:10Z" duration-ms="16087" status="PASS">
          <params>
            <param index="0">
              <value>
                <![CDATA["59. User should be able to Edit Reconciled Dates record"]]>
              </value>
            </param>
            <param index="1">
              <value>
                <![CDATA["Companies Page Functionality"]]>
              </value>
            </param>
          </params>
          <reporter-output>
          </reporter-output>
        </test-method> <!-- runScenario -->
        <test-method signature="runScenario(io.cucumber.testng.PickleWrapper, io.cucumber.testng.FeatureWrapper)[pri:0, instance:testrunners.TestRunner@41e68d87]" started-at="2024-02-28T20:03:10Z" name="runScenario" description="Runs Cucumber Scenarios" data-provider="scenarios" finished-at="2024-02-28T20:03:22Z" duration-ms="11067" status="PASS">
          <params>
            <param index="0">
              <value>
                <![CDATA["60. user should be able to delete Reconciled Date record"]]>
              </value>
            </param>
            <param index="1">
              <value>
                <![CDATA["Companies Page Functionality"]]>
              </value>
            </param>
          </params>
          <reporter-output>
          </reporter-output>
        </test-method> <!-- runScenario -->
        <test-method signature="runScenario(io.cucumber.testng.PickleWrapper, io.cucumber.testng.FeatureWrapper)[pri:0, instance:testrunners.TestRunner@41e68d87]" started-at="2024-02-28T20:03:22Z" name="runScenario" description="Runs Cucumber Scenarios" data-provider="scenarios" finished-at="2024-02-28T20:03:32Z" duration-ms="10428" status="PASS">
          <params>
            <param index="0">
              <value>
                <![CDATA["61.  user should be able to close New Loan Payment PopUp"]]>
              </value>
            </param>
            <param index="1">
              <value>
                <![CDATA["Companies Page Functionality"]]>
              </value>
            </param>
          </params>
          <reporter-output>
          </reporter-output>
        </test-method> <!-- runScenario -->
        <test-method signature="runScenario(io.cucumber.testng.PickleWrapper, io.cucumber.testng.FeatureWrapper)[pri:0, instance:testrunners.TestRunner@41e68d87]" started-at="2024-02-28T20:03:32Z" name="runScenario" description="Runs Cucumber Scenarios" data-provider="scenarios" finished-at="2024-02-28T20:03:41Z" duration-ms="9347" status="PASS">
          <params>
            <param index="0">
              <value>
                <![CDATA["62. User should see an validation message for Loan Name"]]>
              </value>
            </param>
            <param index="1">
              <value>
                <![CDATA["Companies Page Functionality"]]>
              </value>
            </param>
          </params>
          <reporter-output>
          </reporter-output>
        </test-method> <!-- runScenario -->
        <test-method signature="runScenario(io.cucumber.testng.PickleWrapper, io.cucumber.testng.FeatureWrapper)[pri:0, instance:testrunners.TestRunner@41e68d87]" started-at="2024-02-28T20:03:41Z" name="runScenario" description="Runs Cucumber Scenarios" data-provider="scenarios" finished-at="2024-02-28T20:03:51Z" duration-ms="9623" status="PASS">
          <params>
            <param index="0">
              <value>
                <![CDATA["63. User should see an validation message for Payment Date"]]>
              </value>
            </param>
            <param index="1">
              <value>
                <![CDATA["Companies Page Functionality"]]>
              </value>
            </param>
          </params>
          <reporter-output>
          </reporter-output>
        </test-method> <!-- runScenario -->
        <test-method signature="runScenario(io.cucumber.testng.PickleWrapper, io.cucumber.testng.FeatureWrapper)[pri:0, instance:testrunners.TestRunner@41e68d87]" started-at="2024-02-28T20:03:51Z" name="runScenario" description="Runs Cucumber Scenarios" data-provider="scenarios" finished-at="2024-02-28T20:04:01Z" duration-ms="9717" status="PASS">
          <params>
            <param index="0">
              <value>
                <![CDATA["64. User should see an validation message for Amount"]]>
              </value>
            </param>
            <param index="1">
              <value>
                <![CDATA["Companies Page Functionality"]]>
              </value>
            </param>
          </params>
          <reporter-output>
          </reporter-output>
        </test-method> <!-- runScenario -->
        <test-method signature="runScenario(io.cucumber.testng.PickleWrapper, io.cucumber.testng.FeatureWrapper)[pri:0, instance:testrunners.TestRunner@41e68d87]" started-at="2024-02-28T20:04:01Z" name="runScenario" description="Runs Cucumber Scenarios" data-provider="scenarios" finished-at="2024-02-28T20:04:37Z" duration-ms="35928" status="FAIL">
          <params>
            <param index="0">
              <value>
                <![CDATA["65. User should be able to create loan payment Record"]]>
              </value>
            </param>
            <param index="1">
              <value>
                <![CDATA["Companies Page Functionality"]]>
              </value>
            </param>
          </params>
          <exception class="org.openqa.selenium.NoSuchElementException">
            <message>
              <![CDATA[no such element: Unable to locate element: {"method":"xpath","selector":"//span[contains(text(),'Ravi')]"}
  (Session info: chrome=122.0.6261.95)
For documentation on this error, please visit: https://www.selenium.dev/documentation/webdriver/troubleshooting/errors#no-such-element-exception
Build info: version: '4.17.0', revision: 'e52b1be057*'
System info: os.name: 'Windows 10', os.arch: 'amd64', os.version: '10.0', java.version: '17.0.9'
Driver info: org.openqa.selenium.chrome.ChromeDriver
Command: [9cdd65311ad8594fd11539760df7011f, findElement {using=xpath, value=//span[contains(text(),'Ravi')]}]
Capabilities {acceptInsecureCerts: false, browserName: chrome, browserVersion: 122.0.6261.95, chrome: {chromedriverVersion: 122.0.6261.94 (880dbf29479c..., userDataDir: C:\Users\cis\AppData\Local\...}, fedcm:accounts: true, goog:chromeOptions: {debuggerAddress: localhost:51211}, networkConnectionEnabled: false, pageLoadStrategy: normal, platformName: windows, proxy: Proxy(), se:cdp: ws://localhost:51211/devtoo..., se:cdpVersion: 122.0.6261.95, setWindowRect: true, strictFileInteractability: false, timeouts: {implicit: 0, pageLoad: 300000, script: 30000}, unhandledPromptBehavior: dismiss and notify, webauthn:extension:credBlob: true, webauthn:extension:largeBlob: true, webauthn:extension:minPinLength: true, webauthn:extension:prf: true, webauthn:virtualAuthenticators: true}
Session ID: 9cdd65311ad8594fd11539760df7011f]]>
            </message>
            <full-stacktrace>
              <![CDATA[org.openqa.selenium.NoSuchElementException: no such element: Unable to locate element: {"method":"xpath","selector":"//span[contains(text(),'Ravi')]"}
  (Session info: chrome=122.0.6261.95)
For documentation on this error, please visit: https://www.selenium.dev/documentation/webdriver/troubleshooting/errors#no-such-element-exception
Build info: version: '4.17.0', revision: 'e52b1be057*'
System info: os.name: 'Windows 10', os.arch: 'amd64', os.version: '10.0', java.version: '17.0.9'
Driver info: org.openqa.selenium.chrome.ChromeDriver
Command: [9cdd65311ad8594fd11539760df7011f, findElement {using=xpath, value=//span[contains(text(),'Ravi')]}]
Capabilities {acceptInsecureCerts: false, browserName: chrome, browserVersion: 122.0.6261.95, chrome: {chromedriverVersion: 122.0.6261.94 (880dbf29479c..., userDataDir: C:\Users\cis\AppData\Local\...}, fedcm:accounts: true, goog:chromeOptions: {debuggerAddress: localhost:51211}, networkConnectionEnabled: false, pageLoadStrategy: normal, platformName: windows, proxy: Proxy(), se:cdp: ws://localhost:51211/devtoo..., se:cdpVersion: 122.0.6261.95, setWindowRect: true, strictFileInteractability: false, timeouts: {implicit: 0, pageLoad: 300000, script: 30000}, unhandledPromptBehavior: dismiss and notify, webauthn:extension:credBlob: true, webauthn:extension:largeBlob: true, webauthn:extension:minPinLength: true, webauthn:extension:prf: true, webauthn:virtualAuthenticators: true}
Session ID: 9cdd65311ad8594fd11539760df7011f
at java.base/jdk.internal.reflect.NativeConstructorAccessorImpl.newInstance0(Native Method)
at java.base/jdk.internal.reflect.NativeConstructorAccessorImpl.newInstance(NativeConstructorAccessorImpl.java:77)
at java.base/jdk.internal.reflect.DelegatingConstructorAccessorImpl.newInstance(DelegatingConstructorAccessorImpl.java:45)
at java.base/java.lang.reflect.Constructor.newInstanceWithCaller(Constructor.java:499)
at java.base/java.lang.reflect.Constructor.newInstance(Constructor.java:480)
at org.openqa.selenium.remote.codec.w3c.W3CHttpResponseCodec.createException(W3CHttpResponseCodec.java:185)
at org.openqa.selenium.remote.codec.w3c.W3CHttpResponseCodec.decode(W3CHttpResponseCodec.java:134)
at org.openqa.selenium.remote.codec.w3c.W3CHttpResponseCodec.decode(W3CHttpResponseCodec.java:51)
at org.openqa.selenium.remote.HttpCommandExecutor.execute(HttpCommandExecutor.java:190)
at org.openqa.selenium.remote.service.DriverCommandExecutor.invokeExecute(DriverCommandExecutor.java:216)
at org.openqa.selenium.remote.service.DriverCommandExecutor.execute(DriverCommandExecutor.java:174)
at org.openqa.selenium.remote.RemoteWebDriver.execute(RemoteWebDriver.java:519)
at org.openqa.selenium.remote.ElementLocation$ElementFinder$2.findElement(ElementLocation.java:165)
at org.openqa.selenium.remote.ElementLocation.findElement(ElementLocation.java:59)
at org.openqa.selenium.remote.RemoteWebDriver.findElement(RemoteWebDriver.java:356)
at org.openqa.selenium.remote.RemoteWebDriver.findElement(RemoteWebDriver.java:350)
at com.pages.CompaniesPage.getLoanPaymentRecordStatus(CompaniesPage.java:1053)
at stepdefinitions.CompaniesSteps.user_should_be_able_to_see_the_loan_payment(CompaniesSteps.java:706)
at ✽.user should be able to see the loan payment"Ravi"(file:///E:/Rahul%20Bhalla%20CIS/OntrackProjectBDD/OnTrack_BDD/src/test/resources/com/features/Companies.feature:379)
]]>
            </full-stacktrace>
          </exception> <!-- org.openqa.selenium.NoSuchElementException -->
          <reporter-output>
          </reporter-output>
        </test-method> <!-- runScenario -->
        <test-method signature="runScenario(io.cucumber.testng.PickleWrapper, io.cucumber.testng.FeatureWrapper)[pri:0, instance:testrunners.TestRunner@41e68d87]" started-at="2024-02-28T20:04:37Z" name="runScenario" description="Runs Cucumber Scenarios" data-provider="scenarios" finished-at="2024-02-28T20:05:06Z" duration-ms="29429" status="FAIL">
          <params>
            <param index="0">
              <value>
                <![CDATA["66. User should be able to edit loan payment Record"]]>
              </value>
            </param>
            <param index="1">
              <value>
                <![CDATA["Companies Page Functionality"]]>
              </value>
            </param>
          </params>
          <exception class="org.openqa.selenium.NoSuchElementException">
            <message>
              <![CDATA[no such element: Unable to locate element: {"method":"xpath","selector":"//*[@id="tab-1"]/div/div[2]/div[4]/div[2]/table/tbody/tr/td[4]/a"}
  (Session info: chrome=122.0.6261.95)
For documentation on this error, please visit: https://www.selenium.dev/documentation/webdriver/troubleshooting/errors#no-such-element-exception
Build info: version: '4.17.0', revision: 'e52b1be057*'
System info: os.name: 'Windows 10', os.arch: 'amd64', os.version: '10.0', java.version: '17.0.9'
Driver info: org.openqa.selenium.chrome.ChromeDriver
Command: [1f5d0a3651dd48f0ce8b3fdaa6f3dd80, findElement {using=xpath, value=//*[@id="tab-1"]/div/div[2]/div[4]/div[2]/table/tbody/tr/td[4]/a}]
Capabilities {acceptInsecureCerts: false, browserName: chrome, browserVersion: 122.0.6261.95, chrome: {chromedriverVersion: 122.0.6261.94 (880dbf29479c..., userDataDir: C:\Users\cis\AppData\Local\...}, fedcm:accounts: true, goog:chromeOptions: {debuggerAddress: localhost:51271}, networkConnectionEnabled: false, pageLoadStrategy: normal, platformName: windows, proxy: Proxy(), se:cdp: ws://localhost:51271/devtoo..., se:cdpVersion: 122.0.6261.95, setWindowRect: true, strictFileInteractability: false, timeouts: {implicit: 0, pageLoad: 300000, script: 30000}, unhandledPromptBehavior: dismiss and notify, webauthn:extension:credBlob: true, webauthn:extension:largeBlob: true, webauthn:extension:minPinLength: true, webauthn:extension:prf: true, webauthn:virtualAuthenticators: true}
Session ID: 1f5d0a3651dd48f0ce8b3fdaa6f3dd80]]>
            </message>
            <full-stacktrace>
              <![CDATA[org.openqa.selenium.NoSuchElementException: no such element: Unable to locate element: {"method":"xpath","selector":"//*[@id="tab-1"]/div/div[2]/div[4]/div[2]/table/tbody/tr/td[4]/a"}
  (Session info: chrome=122.0.6261.95)
For documentation on this error, please visit: https://www.selenium.dev/documentation/webdriver/troubleshooting/errors#no-such-element-exception
Build info: version: '4.17.0', revision: 'e52b1be057*'
System info: os.name: 'Windows 10', os.arch: 'amd64', os.version: '10.0', java.version: '17.0.9'
Driver info: org.openqa.selenium.chrome.ChromeDriver
Command: [1f5d0a3651dd48f0ce8b3fdaa6f3dd80, findElement {using=xpath, value=//*[@id="tab-1"]/div/div[2]/div[4]/div[2]/table/tbody/tr/td[4]/a}]
Capabilities {acceptInsecureCerts: false, browserName: chrome, browserVersion: 122.0.6261.95, chrome: {chromedriverVersion: 122.0.6261.94 (880dbf29479c..., userDataDir: C:\Users\cis\AppData\Local\...}, fedcm:accounts: true, goog:chromeOptions: {debuggerAddress: localhost:51271}, networkConnectionEnabled: false, pageLoadStrategy: normal, platformName: windows, proxy: Proxy(), se:cdp: ws://localhost:51271/devtoo..., se:cdpVersion: 122.0.6261.95, setWindowRect: true, strictFileInteractability: false, timeouts: {implicit: 0, pageLoad: 300000, script: 30000}, unhandledPromptBehavior: dismiss and notify, webauthn:extension:credBlob: true, webauthn:extension:largeBlob: true, webauthn:extension:minPinLength: true, webauthn:extension:prf: true, webauthn:virtualAuthenticators: true}
Session ID: 1f5d0a3651dd48f0ce8b3fdaa6f3dd80
at java.base/jdk.internal.reflect.NativeConstructorAccessorImpl.newInstance0(Native Method)
at java.base/jdk.internal.reflect.NativeConstructorAccessorImpl.newInstance(NativeConstructorAccessorImpl.java:77)
at java.base/jdk.internal.reflect.DelegatingConstructorAccessorImpl.newInstance(DelegatingConstructorAccessorImpl.java:45)
at java.base/java.lang.reflect.Constructor.newInstanceWithCaller(Constructor.java:499)
at java.base/java.lang.reflect.Constructor.newInstance(Constructor.java:480)
at org.openqa.selenium.remote.codec.w3c.W3CHttpResponseCodec.createException(W3CHttpResponseCodec.java:185)
at org.openqa.selenium.remote.codec.w3c.W3CHttpResponseCodec.decode(W3CHttpResponseCodec.java:134)
at org.openqa.selenium.remote.codec.w3c.W3CHttpResponseCodec.decode(W3CHttpResponseCodec.java:51)
at org.openqa.selenium.remote.HttpCommandExecutor.execute(HttpCommandExecutor.java:190)
at org.openqa.selenium.remote.service.DriverCommandExecutor.invokeExecute(DriverCommandExecutor.java:216)
at org.openqa.selenium.remote.service.DriverCommandExecutor.execute(DriverCommandExecutor.java:174)
at org.openqa.selenium.remote.RemoteWebDriver.execute(RemoteWebDriver.java:519)
at org.openqa.selenium.remote.ElementLocation$ElementFinder$2.findElement(ElementLocation.java:165)
at org.openqa.selenium.remote.ElementLocation.findElement(ElementLocation.java:59)
at org.openqa.selenium.remote.RemoteWebDriver.findElement(RemoteWebDriver.java:356)
at org.openqa.selenium.remote.RemoteWebDriver.findElement(RemoteWebDriver.java:350)
at com.pages.CompaniesPage.clickEditButtonLoanPayment(CompaniesPage.java:1057)
at stepdefinitions.CompaniesSteps.user_should_be_clicked_on_edit_button_of_new_loan_payment(CompaniesSteps.java:712)
at ✽.user should be clicked on edit button of New Loan Payment(file:///E:/Rahul%20Bhalla%20CIS/OntrackProjectBDD/OnTrack_BDD/src/test/resources/com/features/Companies.feature:384)
]]>
            </full-stacktrace>
          </exception> <!-- org.openqa.selenium.NoSuchElementException -->
          <reporter-output>
          </reporter-output>
        </test-method> <!-- runScenario -->
        <test-method signature="runScenario(io.cucumber.testng.PickleWrapper, io.cucumber.testng.FeatureWrapper)[pri:0, instance:testrunners.TestRunner@41e68d87]" started-at="2024-02-28T20:05:06Z" name="runScenario" description="Runs Cucumber Scenarios" data-provider="scenarios" finished-at="2024-02-28T20:05:20Z" duration-ms="14041" status="FAIL">
          <params>
            <param index="0">
              <value>
                <![CDATA["67. user should be able to delete Loan Payment record"]]>
              </value>
            </param>
            <param index="1">
              <value>
                <![CDATA["Companies Page Functionality"]]>
              </value>
            </param>
          </params>
          <exception class="org.openqa.selenium.NoSuchElementException">
            <message>
              <![CDATA[Unable to find element with locator By.xpath: //*[@id="tab-1"]/div/div[2]/div[4]/div[2]/table/tbody/tr/td[5]/a
For documentation on this error, please visit: https://www.selenium.dev/documentation/webdriver/troubleshooting/errors#no-such-element-exception
Build info: version: '4.17.0', revision: 'e52b1be057*'
System info: os.name: 'Windows 10', os.arch: 'amd64', os.version: '10.0', java.version: '17.0.9'
Driver info: driver.version: RemoteWebDriver]]>
            </message>
            <full-stacktrace>
              <![CDATA[org.openqa.selenium.NoSuchElementException: Unable to find element with locator By.xpath: //*[@id="tab-1"]/div/div[2]/div[4]/div[2]/table/tbody/tr/td[5]/a
For documentation on this error, please visit: https://www.selenium.dev/documentation/webdriver/troubleshooting/errors#no-such-element-exception
Build info: version: '4.17.0', revision: 'e52b1be057*'
System info: os.name: 'Windows 10', os.arch: 'amd64', os.version: '10.0', java.version: '17.0.9'
Driver info: driver.version: RemoteWebDriver
at org.openqa.selenium.remote.ElementLocation$ElementFinder$2.findElement(ElementLocation.java:168)
at org.openqa.selenium.remote.ElementLocation.findElement(ElementLocation.java:59)
at org.openqa.selenium.remote.RemoteWebDriver.findElement(RemoteWebDriver.java:356)
at org.openqa.selenium.remote.RemoteWebDriver.findElement(RemoteWebDriver.java:350)
at com.pages.CompaniesPage.deleteLoanPaymentRecord(CompaniesPage.java:1093)
at stepdefinitions.CompaniesSteps.user_should_be_able_to_delete_loan_payment_record(CompaniesSteps.java:734)
at ✽.user should be able to delete Loan payment record(file:///E:/Rahul%20Bhalla%20CIS/OntrackProjectBDD/OnTrack_BDD/src/test/resources/com/features/Companies.feature:392)
]]>
            </full-stacktrace>
          </exception> <!-- org.openqa.selenium.NoSuchElementException -->
          <reporter-output>
          </reporter-output>
        </test-method> <!-- runScenario -->
        <test-method is-config="true" signature="tearDownClass()[pri:0, instance:testrunners.TestRunner@41e68d87]" started-at="2024-02-28T20:05:20Z" name="tearDownClass" finished-at="2024-02-28T20:05:29Z" duration-ms="8845" status="PASS">
          <reporter-output>
          </reporter-output>
        </test-method> <!-- tearDownClass -->
      </class> <!-- testrunners.TestRunner -->
    </test> <!-- Default test -->
  </suite> <!-- Default suite -->
</testng-results>
